<?xml version="1.0" encoding="UTF-8"?>
<!-- Generated by org.testng.reporters.JUnitReportReporter -->
<testsuite skipped="0" hostname="QEDGE12-PC" name="p1.Class_1" tests="2" failures="0" timestamp="26 Dec 2016 03:58:13 GMT" time="0.013" errors="0">
  <testcase name="method_2" time="0.001" classname="p1.Class_1"/>
  <testcase name="method_1" time="0.012" classname="p1.Class_1"/>
</testsuite> <!-- p1.Class_1 -->
